This is pdfTeXk, Version 3.141592-1.40.3 (Web2C 7.5.6) (format=cont-en 2010.1.6)  6 JAN 2010 20:03
entering extended mode
 %&-line parsing enabled.
 (/usr/share/texmf/web2c/natural.tcx)
**creazione_dal_basso_e_p2p.tex \emergencyend
(./creazione_dal_basso_e_p2p.tex

ConTeXt  ver: 2008.05.21 15:21 MKII  fmt: 2010.1.6  int: english/english

language        : language en is active
system          : cont-new loaded
(/usr/share/texmf/tex/context/base/cont-new.tex
systems         : beware: some patches loaded from cont-new.tex
(/usr/share/texmf/tex/context/base/cont-new.mkii)
(/usr/share/texmf/tex/context/base/cont-mtx.tex))
system          : cont-old loaded
(/usr/share/texmf/tex/context/base/cont-old.tex
loading         : Context Old Macros
)
system          : cont-fil loaded
(/usr/share/texmf/tex/context/base/cont-fil.tex
loading         : Context File Synonyms
)
system          : cont-sys.rme loaded
(/etc/texmf/tex/context/user/cont-sys.rme
(/usr/share/texmf/tex/context/base/type-tmf.tex)
(/usr/share/texmf/tex/context/base/type-siz.tex)
(/usr/share/texmf/tex/context/base/type-one.tex)
(/usr/share/texmf/tex/context/base/type-akb.tex))
bodyfont        : 12pt rm is loaded
language        : patterns nl->texnansi:texnansi->1->2:3 nl->ec:ec->2->2:3 fr->
texnansi:texnansi->3->2:3 fr->ec:ec->4->2:3 de->texnansi:texnansi->5->2:3 de->e
c:ec->6->2:3 it->texnansi:texnansi->7->2:3 it->ec:ec->8->2:3 pt->texnansi:texna
nsi->9->2:3 pt->ec:ec->10->2:3 hr->ec:ec->11->2:3 pl->pl0:pl0->12->2:3 pl->ec:e
c->13->2:3 pl->qx:qx->14->2:3 cz->il2:il2->15->2:3 cz->ec:ec->16->2:3 sk->il2:i
l2->17->2:3 sk->ec:ec->18->2:3 sl->ec:ec->19->2:3 ru->t2a:t2a->21->2:3 en->ec:e
c->22->2:3 uk->ec:ec->23->2:3 us->ec:ec->24->2:3 agr->agr:agr->25->2:3 da->ec:e
c->26->2:3 sv->ec:ec->27->2:3 af->ec:ec->28->2:3 no->ec:ec->29->2:3 deo->ec:ec-
>30->2:3 es->ec:ec->34->2:3 ca->ec:ec->35->2:3 la->ec:ec->36->2:3 ro->ec:ec->37
->2:3 tr->ec:ec->38->2:3 fi->ec:ec->40->2:3 hu->ec:ec->41->2:3 loaded
specials        : tex,postscript,rokicki loaded
\openout3 = `creazione_dal_basso_e_p2p.tui'.

system          : creazione_dal_basso_e_p2p.top loaded
(./creazione_dal_basso_e_p2p.top
specials        : loading definition file tpd
(/usr/share/texmf/tex/context/base/spec-tpd.tex
specials        : loading definition file fdf
(/usr/share/texmf/tex/context/base/spec-fdf.tex
(/usr/share/texmf/tex/context/base/spec-fdf.mkii))
specials        : fdf loaded
)
specials        : fdf,tpd loaded
)
\openout0 = `creazione_dal_basso_e_p2p-mpgraph.mp'.

\openout0 = `mpgraph.mp'.


systems         : system commands are disabled
system          : module pre-01 loaded
(/usr/share/texmf/tex/context/base/s-pre-01.tex
system          : module pre-general loaded
(/usr/share/texmf/tex/context/base/s-pre-00.tex)
color           : mpcmyk color space is supported
color           : mpspot color space is supported
color           : system rgb is global activated
interaction     : active
system          : mark Topic defined [chapter]
system          : mark Topicnumber defined [chapternumber]
system          : mark Subject defined [section]
system          : mark Subjectnumber defined [sectionnumber]
system          : mark Nopic defined [title]
system          : mark Nopicnumber defined [titlenumber]
)
system          : module tikz loaded
(/usr/share/texmf/tex/context/pgf/frontendlayer/t-tikz.tex
(/usr/share/texmf/tex/context/pgf/basiclayer/t-pgf.tex
(/usr/share/texmf/tex/context/pgf/basiclayer/t-pgfcor.tex
(/usr/share/texmf/tex/context/pgf/systemlayer/t-pgfsys.tex
(/usr/share/texmf/tex/context/pgf/utilities/t-pgfrcs.tex
(/usr/share/texmf/tex/context/pgf/utilities/t-pgfmod.tex)
(/usr/share/texmf/tex/generic/pgf/utilities/pgfutil-common.tex)
(/usr/share/texmf/tex/generic/pgf/utilities/pgfutil-context.def)
(/usr/share/texmf/tex/generic/pgf/utilities/pgfrcs.code.tex))
(/usr/share/texmf/tex/generic/pgf/systemlayer/pgfsys.code.tex
(/usr/share/texmf/tex/generic/pgf/utilities/pgfkeys.code.tex)
(/usr/share/texmf/tex/generic/pgf/systemlayer/pgf.cfg)
(/usr/share/texmf/tex/generic/pgf/systemlayer/pgfsys-pdftex.def
(/usr/share/texm