This is pdfTeXk, Version 3.141592-1.40.3 (Web2C 7.5.6) (format=cont-en 2010.1.6)  26 FEB 2010 14:19
entering extended mode
 %&-line parsing enabled.
 (/usr/share/texmf/web2c/natural.tcx)
**dynebolic_nomadic_system.tex \emergencyend
(./dynebolic_nomadic_system.tex

ConTeXt  ver: 2008.05.21 15:21 MKII  fmt: 2010.1.6  int: english/english

language        : language en is active
system          : cont-new loaded
(/usr/share/texmf/tex/context/base/cont-new.tex
systems         : beware: some patches loaded from cont-new.tex
(/usr/share/texmf/tex/context/base/cont-new.mkii)
(/usr/share/texmf/tex/context/base/cont-mtx.tex))
system          : cont-old loaded
(/usr/share/texmf/tex/context/base/cont-old.tex
loading         : Context Old Macros
)
system          : cont-fil loaded
(/usr/share/texmf/tex/context/base/cont-fil.tex
loading         : Context File Synonyms
)
system          : cont-sys.rme loaded
(/etc/texmf/tex/context/user/cont-sys.rme
(/usr/share/texmf/tex/context/base/type-tmf.tex)
(/usr/share/texmf/tex/context/base/type-siz.tex)
(/usr/share/texmf/tex/context/base/type-one.tex)
(/usr/share/texmf/tex/context/base/type-akb.tex))
bodyfont        : 12pt rm is loaded
language        : patterns nl->texnansi:texnansi->1->2:3 nl->ec:ec->2->2:3 fr->
texnansi:texnansi->3->2:3 fr->ec:ec->4->2:3 de->texnansi:texnansi->5->2:3 de->e
c:ec->6->2:3 it->texnansi:texnansi->7->2:3 it->ec:ec->8->2:3 pt->texnansi:texna
nsi->9->2:3 pt->ec:ec->10->2:3 hr->ec:ec->11->2:3 pl->pl0:pl0->12->2:3 pl->ec:e
c->13->2:3 pl->qx:qx->14->2:3 cz->il2:il2->15->2:3 cz->ec:ec->16->2:3 sk->il2:i
l2->17->2:3 sk->ec:ec->18->2:3 sl->ec:ec->19->2:3 ru->t2a:t2a->21->2:3 en->ec:e
c->22->2:3 uk->ec:ec->23->2:3 us->ec:ec->24->2:3 agr->agr:agr->25->2:3 da->ec:e
c->26->2:3 sv->ec:ec->27->2:3 af->ec:ec->28->2:3 no->ec:ec->29->2:3 deo->ec:ec-
>30->2:3 es->ec:ec->34->2:3 ca->ec:ec->35->2:3 la->ec:ec->36->2:3 ro->ec:ec->37
->2:3 tr->ec:ec->38->2:3 fi->ec:ec->40->2:3 hu->ec:ec->41->2:3 loaded
specials        : tex,postscript,rokicki loaded
\openout3 = `dynebolic_nomadic_system.tui'.

system          : dynebolic_nomadic_system.top loaded
(./dynebolic_nomadic_system.top
specials        : loading definition file tpd
(/usr/share/texmf/tex/context/base/spec-tpd.tex
specials        : loading definition file fdf
(/usr/share/texmf/tex/context/base/spec-fdf.tex
(/usr/share/texmf/tex/context/base/spec-fdf.mkii))
specials        : fdf loaded
)
specials        : fdf,tpd loaded
)
\openout0 = `dynebolic_nomadic_system-mpgraph.mp'.

\openout0 = `mpgraph.mp'.


systems         : system commands are disabled
system          : module pre-01 loaded
(/usr/share/texmf/tex/context/base/s-pre-01.tex
system          : module pre-general loaded
(/usr/share/texmf/tex/context/base/s-pre-00.tex)
color           : mpcmyk color space is supported
color           : mpspot color space is supported
color           : system rgb is global activated
interaction     : active
system          : mark Topic defined [chapter]
system          : mark Topicnumber defined [chapternumber]
system          : mark Subject defined [section]
system          : mark Subjectnumber defined [sectionnumber]
system          : mark Nopic defined [title]
system          : mark Nopicnumber defined [titlenumber]
)
system          : module tikz loaded
(/usr/share/texmf/tex/context/pgf/frontendlayer/t-tikz.tex
(/usr/share/texmf/tex/context/pgf/basiclayer/t-pgf.tex
(/usr/share/texmf/tex/context/pgf/basiclayer/t-pgfcor.tex
(/usr/share/texmf/tex/context/pgf/systemlayer/t-pgfsys.tex
(/usr/share/texmf/tex/context/pgf/utilities/t-pgfrcs.tex
(/usr/share/texmf/tex/context/pgf/utilities/t-pgfmod.tex)
(/usr/share/texmf/tex/generic/pgf/utilities/pgfutil-common.tex)
(/usr/share/texmf/tex/generic/pgf/utilities/pgfutil-context.def)
(/usr/share/texmf/tex/generic/pgf/utilities/pgfrcs.code.tex))
(/usr/share/texmf/tex/generic/pgf/systemlayer/pgfsys.code.tex
(/usr/share/texmf/tex/generic/pgf/utilities/pgfkeys.code.tex)
(/usr/share/texmf/tex/generic/pgf/systemlayer/pgf.cfg)
(/usr/share/texmf/tex/generic/pgf/systemlayer/pgfsys-pdftex.def
(/usr/share/texmf/tex/generic/pgf/systemlayer/pgfsys-common-pdf.def)))
(/usr/share/texmf/tex/generic/pgf/systemlayer/pgfsyssoftpath.code.tex)
(/usr/share/texmf/tex/generic/pgf/systemlayer/pgfsysprotocol.code.tex))
(/usr/share/texmf/tex/generic/pgf/basiclayer/pgfcore.code.tex
(/usr/share/texmf/tex/generic/pgf/math/pgfmath.code.tex
(/usr/share/texmf/tex/generic/pgf/math/pgfmathcalc.code.tex
(/usr/share/texmf/tex/generic/pgf/math/pgfmathutil.code.tex)
(/usr/share/texmf/tex/generic/pgf/math/pgfmathparser.code.tex)
(/usr/share/texmf/tex/generic/pgf/math/pgfmathoperations.code.tex
(/usr/share/texmf/tex/generic/pgf/math/pgfmathtrig.code.tex)
(/usr/share/texmf/tex/generic/pgf/math/pgfmathrnd.code.tex))
(/usr/share/texmf/tex/generic/pgf/math/pgfmathbase.code.tex)))
(/usr/share/texmf/tex/generic/pgf/basiclayer/pgfcorepoints.code.tex)
(/usr/share/texmf/tex/generic/pgf/basiclayer/pgfcorepathconstruct.code.tex)
(/usr/share/texmf/tex/generic/pgf/basiclayer/pgfcorepathusage.code.tex)
(/usr/share/texmf/tex/generic/pgf/basiclayer/pgfcorescopes.code.tex)
(/usr/share/texmf/tex/generic/pgf/basiclayer/pgfcoregraphicstate.code.tex)
(/usr/share/texmf/tex/generic/pgf/basiclayer/pgfcoretransformations.code.tex)
(/usr/share/texmf/tex/generic/pgf/basiclayer/pgfcorequick.code.tex)
(/usr/share/texmf/tex/generic/pgf/basiclayer/pgfcoreobjects.code.tex)
(/usr/share/texmf/tex/generic/pgf/basiclayer/pgfcorepathprocessing.code.tex)
(/usr/share/texmf/tex/generic/pgf/basiclayer/pgfcorearrows.code.tex)
(/usr/share/texmf/tex/generic/pgf/basiclayer/pgfcoreshade.code.tex)
(/usr/share/texmf/tex/generic/pgf/basiclayer/pgfcoreimage.code.tex)
(/usr/share/texmf/tex/generic/pgf/basiclayer/pgfcorelayers.code.tex)
(/usr/share/texmf/tex/generic/pgf/basiclayer/pgfcoretransparency.code.tex)
(/usr/share/texmf/tex/generic/pgf/basiclayer/pgfcorepatterns.code.tex)))
(/usr/share/texmf/tex/generic/pgf/modules/pgfmoduleshapes.code.tex)
(/usr/share/texmf/tex/generic/pgf/modules/pgfmoduleplot.code.tex))
(/usr/share/texmf/tex/context/pgf/utilities/t-pgffor.tex
(/usr/share/texmf/tex/context/pgf/utilities/t-pgfrcs.tex)
(/usr/share/texmf/tex/generic/pgf/utilities/pgffor.code.tex))
(/usr/share/texmf/tex/generic/pgf/frontendlayer/tikz/tikz.code.tex
(/usr/share/texmf/tex/generic/pgf/libraries/pgflibraryplothandlers.code.tex)
(/usr/share/texmf/tex/generic/pgf/modules/pgfmodulematrix.code.tex)
(/usr/share/texmf/tex/generic/pgf/frontendlayer/tikz/libraries/tikzlibrarytopat
hs.code.tex)))
system          : module newmat loaded
(/usr/share/texmf/tex/context/base/m-newmat.tex)
(/usr/share/texmf/tex/context/base/pdfr-def.tex)
systems         : begin file dynebolic_nomadic_system at line 5
fonts           : resetting map file list
{/usr/share/texmf/fonts/map/pdftex/context/original-empty.map}
fonts           : using map file: original-base
{/usr/share/texmf/fonts/map/pdftex/context/original-base.map}
fonts           : using map file: original-ams-base
{/usr/share/texmf/fonts/map/pdftex/context/original-ams-base.map}
fonts           : using map file: original-public-lm
{/usr/share/texmf/fonts/map/pdftex/context/original-public-lm.map}
fonts           : using map file: lm-ec
{/usr/share/texmf/fonts/map/dvips/lm/lm-ec.map}
fonts           : using map file: lm-math
{/usr/share/texmf/fonts/map/dvips/lm/lm-math.map}
fonts           : using map file: lm-rm
{/usr/share/texmf/fonts/map/dvips/lm/lm-rm.map}
fonts           : using map file: 8r-base
{/usr/share/texmf/fonts/map/pdftex/context/8r-base.map}
fonts           : using map file: ec-base
{/usr/share/texmf/fonts/map/pdftex/context/ec-base.map}
fonts           : using map file: t5-base
{/usr/share/texmf/fonts/map/pdftex/context/t5-base.map}
fonts           : using map file: original-ams-euler
{/usr/share/texmf/fonts/map/pdftex/context/original-ams-euler.map}
system          : Topic not found/processed
! Missing number, treated as zero.
<to be read again> 
                   \endcsname 
\@@amvbox ... -\pagebackgroundvoffset +\endcsname 
                                                  \c!topoffset \relax \box \...
<argument> ...ght\c!left }\interactionmenu [right]
                                                  \getvalue {\??am right\c!r...

\firstofoneargument #1->#1
                          
\next1 #1,->\docommand {#1}
                           \doprocesscommaitem 
\doprocesscommalist ...item \gobbleoneargument #1,
                                                  ]\relax \global \advance \...
...
l.10   \tfa July 2008}
                      \Topic {Free Software Movement}
? 
! Emergency stop.
<to be read again> 
                   \endcsname 
\@@amvbox ... -\pagebackgroundvoffset +\endcsname 
                                                  \c!topoffset \relax \box \...
<argument> ...ght\c!left }\interactionmenu [right]
                                                  \getvalue {\??am right\c!r...

\firstofoneargument #1->#1
                          
\next1 #1,->\docommand {#1}
                           \doprocesscommaitem 
\doprocesscommalist ...item \gobbleoneargument #1,
                                                  ]\relax \global \advance \...
...
l.10   \tfa July 2008}
                      \Topic {Free Software Movement}
End of file on the terminal!

 
Here is how much of TeX's memory you used:
 7535 strings out of 57194
 139307 string characters out of 546405
 4698767 words of memory out of 5626846
 47017 multiletter control sequences out of 10000+50000
 144804 words of font info for 65 fonts, out of 1200000 for 2000
 474 hyphenation exceptions out of 8191
 65i,24n,81p,371b,1151s stack positions out of 5000i,500n,6000p,200000b,5000s
!  ==> Fatal error occurred, no output PDF file produced!
